[ 2017-03-03T09:56:44+08:00 ] 192.168.20.14 /index.php/admin/Index/index
INFO: [ app_init ] --START--
INFO: Run Behavior\BuildLiteBehavior [ RunTime:0.000011s ]
INFO: [ app_init ] --END-- [ RunTime:0.000331s ]
INFO: [ app_begin ] --START--
INFO: Run Behavior\ReadHtmlCacheBehavior [ RunTime:0.000475s ]
INFO: [ app_begin ] --END-- [ RunTime:0.000549s ]
NOTIC: [8192] Call-time pass-by-reference has been deprecated E:\choujiang\Admin\Controller\IndexController.class.php 第 71 行.
NOTIC: [8192] Call-time pass-by-reference has been deprecated E:\choujiang\Admin\Controller\IndexController.class.php 第 107 行.
INFO: [ view_parse ] --START--
INFO: [ template_filter ] --START--
INFO: Run Behavior\ContentReplaceBehavior [ RunTime:0.000052s ]
INFO: [ template_filter ] --END-- [ RunTime:0.000094s ]
INFO: Run Behavior\ParseTemplateBehavior [ RunTime:0.005334s ]
INFO: [ view_parse ] --END-- [ RunTime:0.005421s ]
INFO: [ view_filter ] --START--
INFO: Run Behavior\WriteHtmlCacheBehavior [ RunTime:0.000283s ]
INFO: [ view_filter ] --END-- [ RunTime:0.000317s ]
INFO: [ app_end ] --START--
INFO: Run Behavior\ShowPageTraceBehavior [ RunTime:0.000547s ]
INFO: [ app_end ] --END-- [ RunTime:0.000584s ]

[ 2017-03-03T09:56:46+08:00 ] 192.168.20.14 /index.php/Admin/Index/welcome
INFO: [ app_init ] --START--
INFO: Run Behavior\BuildLiteBehavior [ RunTime:0.000010s ]
INFO: [ app_init ] --END-- [ RunTime:0.000292s ]
INFO: [ app_begin ] --START--
INFO: Run Behavior\ReadHtmlCacheBehavior [ RunTime:0.000634s ]
INFO: [ app_begin ] --END-- [ RunTime:0.000697s ]
NOTIC: [8192] Call-time pass-by-reference has been deprecated E:\choujiang\Admin\Controller\IndexController.class.php 第 71 行.
NOTIC: [8192] Call-time pass-by-reference has been deprecated E:\choujiang\Admin\Controller\IndexController.class.php 第 107 行.
SQL: SHOW COLUMNS FROM `tp_loginrecord` [ RunTime:0.0028s ]
SQL: SELECT * FROM `tp_loginrecord` WHERE `uid` = 1 ORDER BY uid desc  [ RunTime:0.0004s ]
INFO: [ view_parse ] --START--
INFO: [ template_filter ] --START--
INFO: Run Behavior\ContentReplaceBehavior [ RunTime:0.000046s ]
INFO: [ template_filter ] --END-- [ RunTime:0.000094s ]
INFO: Run Behavior\ParseTemplateBehavior [ RunTime:0.004652s ]
INFO: [ view_parse ] --END-- [ RunTime:0.004712s ]
INFO: [ view_filter ] --START--
INFO: Run Behavior\WriteHtmlCacheBehavior [ RunTime:0.000221s ]
INFO: [ view_filter ] --END-- [ RunTime:0.000258s ]
INFO: [ app_end ] --START--
INFO: Run Behavior\ShowPageTraceBehavior [ RunTime:0.000383s ]
INFO: [ app_end ] --END-- [ RunTime:0.000421s ]

[ 2017-03-03T09:56:48+08:00 ] 192.168.20.14 /index.php/Admin/Index/addAction/id/1
INFO: [ app_init ] --START--
INFO: Run Behavior\BuildLiteBehavior [ RunTime:0.000019s ]
INFO: [ app_init ] --END-- [ RunTime:0.000500s ]
INFO: [ app_begin ] --START--
INFO: Run Behavior\ReadHtmlCacheBehavior [ RunTime:0.000549s ]
INFO: [ app_begin ] --END-- [ RunTime:0.000607s ]
NOTIC: [8192] Call-time pass-by-reference has been deprecated E:\choujiang\Admin\Controller\IndexController.class.php 第 71 行.
NOTIC: [8192] Call-time pass-by-reference has been deprecated E:\choujiang\Admin\Controller\IndexController.class.php 第 107 行.
INFO: [ view_parse ] --START--
INFO: [ template_filter ] --START--
INFO: Run Behavior\ContentReplaceBehavior [ RunTime:0.000061s ]
INFO: [ template_filter ] --END-- [ RunTime:0.000107s ]
INFO: Run Behavior\ParseTemplateBehavior [ RunTime:0.005442s ]
INFO: [ view_parse ] --END-- [ RunTime:0.005495s ]
INFO: [ view_filter ] --START--
INFO: Run Behavior\WriteHtmlCacheBehavior [ RunTime:0.000322s ]
INFO: [ view_filter ] --END-- [ RunTime:0.000360s ]
INFO: [ app_end ] --START--
INFO: Run Behavior\ShowPageTraceBehavior [ RunTime:0.000625s ]
INFO: [ app_end ] --END-- [ RunTime:0.000678s ]

[ 2017-03-03T09:56:49+08:00 ] 192.168.20.14 /index.php/Admin/Index/showList
INFO: [ app_init ] --START--
INFO: Run Behavior\BuildLiteBehavior [ RunTime:0.000010s ]
INFO: [ app_init ] --END-- [ RunTime:0.000286s ]
INFO: [ app_begin ] --START--
INFO: Run Behavior\ReadHtmlCacheBehavior [ RunTime:0.000441s ]
INFO: [ app_begin ] --END-- [ RunTime:0.000483s ]
NOTIC: [8192] Call-time pass-by-reference has been deprecated E:\choujiang\Admin\Controller\IndexController.class.php 第 71 行.
NOTIC: [8192] Call-time pass-by-reference has been deprecated E:\choujiang\Admin\Controller\IndexController.class.php 第 107 行.
SQL: SHOW COLUMNS FROM `tp_action` [ RunTime:0.0029s ]
SQL: SELECT COUNT(*) AS tp_count FROM `tp_action` LIMIT 1   [ RunTime:0.0002s ]
SQL: SELECT * FROM `tp_action` ORDER BY id desc LIMIT 0,10   [ RunTime:0.0004s ]
SQL: SELECT sum(summoney) as allmoney,count(*) as count FROM `tp_action`  [ RunTime:0.0002s ]
INFO: [ view_parse ] --START--
INFO: [ template_filter ] --START--
INFO: Run Behavior\ContentReplaceBehavior [ RunTime:0.000081s ]
INFO: [ template_filter ] --END-- [ RunTime:0.000133s ]
NOTIC: [8] Use of undefined constant count - assumed 'count' E:\choujiang\Runtime\Cache\Admin\2aaaa236b4f14865e90784e3c0354f33.php 第 39 行.
NOTIC: [8] Use of undefined constant allmoney - assumed 'allmoney' E:\choujiang\Runtime\Cache\Admin\2aaaa236b4f14865e90784e3c0354f33.php 第 42 行.
INFO: Run Behavior\ParseTemplateBehavior [ RunTime:0.007321s ]
INFO: [ view_parse ] --END-- [ RunTime:0.007363s ]
INFO: [ view_filter ] --START--
INFO: Run Behavior\WriteHtmlCacheBehavior [ RunTime:0.000329s ]
INFO: [ view_filter ] --END-- [ RunTime:0.000364s ]
INFO: [ app_end ] --START--
INFO: Run Behavior\ShowPageTraceBehavior [ RunTime:0.000503s ]
INFO: [ app_end ] --END-- [ RunTime:0.000546s ]

